<?xml version="1.0" encoding="UTF-8"?>
<testsuite xmlns:xsi="http://www.w3.org/2001/XMLSchema-instance" xsi:noNamespaceSchemaLocation="https://maven.apache.org/surefire/maven-surefire-plugin/xsd/surefire-test-report-3.0.xsd" version="3.0" name="com.automation.framework.FrameworkApplicationTests" time="4.431" tests="1" errors="0" skipped="0" failures="0">
  <properties>
    <property name="java.specification.version" value="17"/>
    <property name="sun.jnu.encoding" value="UTF-8"/>
    <property name="java.class.path" value="/home/aman/Downloads/framework/target/test-classes:/home/aman/Downloads/framework/target/classes:/home/aman/ModdedMavenPath/org/springframework/boot/spring-boot-starter-web/3.3.3/spring-boot-starter-web-3.3.3.jar:/home/aman/ModdedMavenPath/org/springframework/boot/spring-boot-starter/3.3.3/spring-boot-starter-3.3.3.jar:/home/aman/ModdedMavenPath/org/springframework/boot/spring-boot/3.3.3/spring-boot-3.3.3.jar:/home/aman/ModdedMavenPath/org/springframework/boot/spring-boot-autoconfigure/3.3.3/spring-boot-autoconfigure-3.3.3.jar:/home/aman/ModdedMavenPath/org/springframework/boot/spring-boot-starter-logging/3.3.3/spring-boot-starter-logging-3.3.3.jar:/home/aman/ModdedMavenPath/ch/qos/logback/logback-classic/1.5.7/logback-classic-1.5.7.jar:/home/aman/ModdedMavenPath/ch/qos/logback/logback-core/1.5.7/logback-core-1.5.7.jar:/home/aman/ModdedMavenPath/org/apache/logging/log4j/log4j-to-slf4j/2.23.1/log4j-to-slf4j-2.23.1.jar:/home/aman/ModdedMavenPath/org/apache/logging/log4j/log4j-api/2.23.1/log4j-api-2.23.1.jar:/home/aman/ModdedMavenPath/org/slf4j/jul-to-slf4j/2.0.16/jul-to-slf4j-2.0.16.jar:/home/aman/ModdedMavenPath/jakarta/annotation/jakarta.annotation-api/2.1.1/jakarta.annotation-api-2.1.1.jar:/home/aman/ModdedMavenPath/org/yaml/snakeyaml/2.2/snakeyaml-2.2.jar:/home/aman/ModdedMavenPath/org/springframework/boot/spring-boot-starter-json/3.3.3/spring-boot-starter-json-3.3.3.jar:/home/aman/ModdedMavenPath/com/fasterxml/jackson/core/jackson-databind/2.17.2/jackson-databind-2.17.2.jar:/home/aman/ModdedMavenPath/com/fasterxml/jackson/core/jackson-annotations/2.17.2/jackson-annotations-2.17.2.jar:/home/aman/ModdedMavenPath/com/fasterxml/jackson/core/jackson-core/2.17.2/jackson-core-2.17.2.jar:/home/aman/ModdedMavenPath/com/fasterxml/jackson/datatype/jackson-datatype-jdk8/2.17.2/jackson-datatype-jdk8-2.17.2.jar:/home/aman/ModdedMavenPath/com/fasterxml/jackson/datatype/jackson-datatype-jsr310/2.17.2/jackson-datatype-jsr310-2.17.2.jar:/home/aman/ModdedMavenPath/com/fasterxml/jackson/module/jackson-module-parameter-names/2.17.2/jackson-module-parameter-names-2.17.2.jar:/home/aman/ModdedMavenPath/org/springframework/boot/spring-boot-starter-tomcat/3.3.3/spring-boot-starter-tomcat-3.3.3.jar:/home/aman/ModdedMavenPath/org/apache/tomcat/embed/tomcat-embed-core/10.1.28/tomcat-embed-core-10.1.28.jar:/home/aman/ModdedMavenPath/org/apache/tomcat/embed/tomcat-embed-el/10.1.28/tomcat-embed-el-10.1.28.jar:/home/aman/ModdedMavenPath/org/apache/tomcat/embed/tomcat-embed-websocket/10.1.28/tomcat-embed-websocket-10.1.28.jar:/home/aman/ModdedMavenPath/org/springframework/spring-web/6.1.12/spring-web-6.1.12.jar:/home/aman/ModdedMavenPath/org/springframework/spring-beans/6.1.12/spring-beans-6.1.12.jar:/home/aman/ModdedMavenPath/io/micrometer/micrometer-observation/1.13.3/micrometer-observation-1.13.3.jar:/home/aman/ModdedMavenPath/io/micrometer/micrometer-commons/1.13.3/micrometer-commons-1.13.3.jar:/home/aman/ModdedMavenPath/org/springframework/spring-webmvc/6.1.12/spring-webmvc-6.1.12.jar:/home/aman/ModdedMavenPath/org/springframework/spring-aop/6.1.12/spring-aop-6.1.12.jar:/home/aman/ModdedMavenPath/org/springframework/spring-context/6.1.12/spring-context-6.1.12.jar:/home/aman/ModdedMavenPath/org/springframework/spring-expression/6.1.12/spring-expression-6.1.12.jar:/home/aman/ModdedMavenPath/org/springframework/boot/spring-boot-starter-test/3.3.3/spring-boot-starter-test-3.3.3.jar:/home/aman/ModdedMavenPath/org/springframework/boot/spring-boot-test/3.3.3/spring-boot-test-3.3.3.jar:/home/aman/ModdedMavenPath/org/springframework/boot/spring-boot-test-autoconfigure/3.3.3/spring-boot-test-autoconfigure-3.3.3.jar:/home/aman/ModdedMavenPath/com/jayway/jsonpath/json-path/2.9.0/json-path-2.9.0.jar:/home/aman/ModdedMavenPath/org/slf4j/slf4j-api/2.0.16/slf4j-api-2.0.16.jar:/home/aman/ModdedMavenPath/jakarta/xml/bind/jakarta.xml.bind-api/4.0.2/jakarta.xml.bind-api-4.0.2.jar:/home/aman/ModdedMavenPath/jakarta/activation/jakarta.activation-api/2.1.3/jakarta.activation-api-2.1.3.jar:/home/aman/ModdedMavenPath/net/minidev/json-smart/2.5.1/json-smart-2.5.1.jar:/home/aman/ModdedMavenPath/net/minidev/accessors-smart/2.5.1/accessors-smart-2.5.1.jar:/home/aman/ModdedMavenPath/org/ow2/asm/asm/9.6/asm-9.6.jar:/home/aman/ModdedMavenPath/org/assertj/assertj-core/3.25.3/assertj-core-3.25.3.jar:/home/aman/ModdedMavenPath/net/bytebuddy/byte-buddy/1.14.19/byte-buddy-1.14.19.jar:/home/aman/ModdedMavenPath/org/awaitility/awaitility/4.2.2/awaitility-4.2.2.jar:/home/aman/ModdedMavenPath/org/hamcrest/hamcrest/2.2/hamcrest-2.2.jar:/home/aman/ModdedMavenPath/org/junit/jupiter/junit-jupiter/5.10.3/junit-jupiter-5.10.3.jar:/home/aman/ModdedMavenPath/org/junit/jupiter/junit-jupiter-api/5.10.3/junit-jupiter-api-5.10.3.jar:/home/aman/ModdedMavenPath/org/opentest4j/opentest4j/1.3.0/opentest4j-1.3.0.jar:/home/aman/ModdedMavenPath/org/junit/platform/junit-platform-commons/1.10.3/junit-platform-commons-1.10.3.jar:/home/aman/ModdedMavenPath/org/apiguardian/apiguardian-api/1.1.2/apiguardian-api-1.1.2.jar:/home/aman/ModdedMavenPath/org/junit/jupiter/junit-jupiter-params/5.10.3/junit-jupiter-params-5.10.3.jar:/home/aman/ModdedMavenPath/org/junit/jupiter/junit-jupiter-engine/5.10.3/junit-jupiter-engine-5.10.3.jar:/home/aman/ModdedMavenPath/org/junit/platform/junit-platform-engine/1.10.3/junit-platform-engine-1.10.3.jar:/home/aman/ModdedMavenPath/org/mockito/mockito-core/5.11.0/mockito-core-5.11.0.jar:/home/aman/ModdedMavenPath/net/bytebuddy/byte-buddy-agent/1.14.19/byte-buddy-agent-1.14.19.jar:/home/aman/ModdedMavenPath/org/objenesis/objenesis/3.3/objenesis-3.3.jar:/home/aman/ModdedMavenPath/org/mockito/mockito-junit-jupiter/5.11.0/mockito-junit-jupiter-5.11.0.jar:/home/aman/ModdedMavenPath/org/skyscreamer/jsonassert/1.5.3/jsonassert-1.5.3.jar:/home/aman/ModdedMavenPath/com/vaadin/external/google/android-json/0.0.20131108.vaadin1/android-json-0.0.20131108.vaadin1.jar:/home/aman/ModdedMavenPath/org/springframework/spring-core/6.1.12/spring-core-6.1.12.jar:/home/aman/ModdedMavenPath/org/springframework/spring-jcl/6.1.12/spring-jcl-6.1.12.jar:/home/aman/ModdedMavenPath/org/springframework/spring-test/6.1.12/spring-test-6.1.12.jar:/home/aman/ModdedMavenPath/org/xmlunit/xmlunit-core/2.9.1/xmlunit-core-2.9.1.jar:/home/aman/ModdedMavenPath/org/seleniumhq/selenium/selenium-java/4.13.0/selenium-java-4.13.0.jar:/home/aman/ModdedMavenPath/org/seleniumhq/selenium/selenium-api/4.19.1/selenium-api-4.19.1.jar:/home/aman/ModdedMavenPath/org/seleniumhq/selenium/selenium-chrome-driver/4.19.1/selenium-chrome-driver-4.19.1.jar:/home/aman/ModdedMavenPath/com/google/auto/service/auto-service-annotations/1.1.1/auto-service-annotations-1.1.1.jar:/home/aman/ModdedMavenPath/org/seleniumhq/selenium/selenium-chromium-driver/4.19.1/selenium-chromium-driver-4.19.1.jar:/home/aman/ModdedMavenPath/org/seleniumhq/selenium/selenium-json/4.19.1/selenium-json-4.19.1.jar:/home/aman/ModdedMavenPath/org/seleniumhq/selenium/selenium-manager/4.19.1/selenium-manager-4.19.1.jar:/home/aman/ModdedMavenPath/org/seleniumhq/selenium/selenium-devtools-v115/4.13.0/selenium-devtools-v115-4.13.0.jar:/home/aman/ModdedMavenPath/com/google/guava/guava/32.1.2-jre/guava-32.1.2-jre.jar:/home/aman/ModdedMavenPath/com/google/guava/failureaccess/1.0.1/failureaccess-1.0.1.jar:/home/aman/ModdedMavenPath/com/google/guava/listenablefuture/9999.0-empty-to-avoid-conflict-with-guava/listenablefuture-9999.0-empty-to-avoid-conflict-with-guava.jar:/home/aman/ModdedMavenPath/com/google/code/findbugs/jsr305/3.0.2/jsr305-3.0.2.jar:/home/aman/ModdedMavenPath/org/checkerframework/checker-qual/3.33.0/checker-qual-3.33.0.jar:/home/aman/ModdedMavenPath/com/google/errorprone/error_prone_annotations/2.18.0/error_prone_annotations-2.18.0.jar:/home/aman/ModdedMavenPath/com/google/j2objc/j2objc-annotations/2.8/j2objc-annotations-2.8.jar:/home/aman/ModdedMavenPath/org/seleniumhq/selenium/selenium-devtools-v116/4.13.0/selenium-devtools-v116-4.13.0.jar:/home/aman/ModdedMavenPath/org/seleniumhq/selenium/selenium-devtools-v117/4.13.0/selenium-devtools-v117-4.13.0.jar:/home/aman/ModdedMavenPath/org/seleniumhq/selenium/selenium-devtools-v85/4.19.1/selenium-devtools-v85-4.19.1.jar:/home/aman/ModdedMavenPath/org/seleniumhq/selenium/selenium-edge-driver/4.19.1/selenium-edge-driver-4.19.1.jar:/home/aman/ModdedMavenPath/org/seleniumhq/selenium/selenium-firefox-driver/4.19.1/selenium-firefox-driver-4.19.1.jar:/home/aman/ModdedMavenPath/org/seleniumhq/selenium/selenium-http/4.19.1/selenium-http-4.19.1.jar:/home/aman/ModdedMavenPath/dev/failsafe/failsafe/3.3.2/failsafe-3.3.2.jar:/home/aman/ModdedMavenPath/org/seleniumhq/selenium/selenium-ie-driver/4.19.1/selenium-ie-driver-4.19.1.jar:/home/aman/ModdedMavenPath/org/seleniumhq/selenium/selenium-remote-driver/4.19.1/selenium-remote-driver-4.19.1.jar:/home/aman/ModdedMavenPath/io/opentelemetry/semconv/opentelemetry-semconv/1.23.1-alpha/opentelemetry-semconv-1.23.1-alpha.jar:/home/aman/ModdedMavenPath/io/opentelemetry/opentelemetry-api/1.37.0/opentelemetry-api-1.37.0.jar:/home/aman/ModdedMavenPath/io/opentelemetry/opentelemetry-context/1.37.0/opentelemetry-context-1.37.0.jar:/home/aman/ModdedMavenPath/io/opentelemetry/opentelemetry-exporter-logging/1.37.0/opentelemetry-exporter-logging-1.37.0.jar:/home/aman/ModdedMavenPath/io/opentelemetry/opentelemetry-sdk-common/1.37.0/opentelemetry-sdk-common-1.37.0.jar:/home/aman/ModdedMavenPath/io/opentelemetry/opentelemetry-sdk-extension-autoconfigure-spi/1.37.0/opentelemetry-sdk-extension-autoconfigure-spi-1.37.0.jar:/home/aman/ModdedMavenPath/io/opentelemetry/opentelemetry-sdk-extension-autoconfigure/1.37.0/opentelemetry-sdk-extension-autoconfigure-1.37.0.jar:/home/aman/ModdedMavenPath/io/opentelemetry/opentelemetry-api-incubator/1.37.0-alpha/opentelemetry-api-incubator-1.37.0-alpha.jar:/home/aman/ModdedMavenPath/io/opentelemetry/opentelemetry-sdk-trace/1.37.0/opentelemetry-sdk-trace-1.37.0.jar:/home/aman/ModdedMavenPath/io/opentelemetry/opentelemetry-sdk/1.37.0/opentelemetry-sdk-1.37.0.jar:/home/aman/ModdedMavenPath/io/opentelemetry/opentelemetry-sdk-metrics/1.37.0/opentelemetry-sdk-metrics-1.37.0.jar:/home/aman/ModdedMavenPath/io/opentelemetry/opentelemetry-sdk-logs/1.37.0/opentelemetry-sdk-logs-1.37.0.jar:/home/aman/ModdedMavenPath/org/seleniumhq/selenium/selenium-os/4.19.1/selenium-os-4.19.1.jar:/home/aman/ModdedMavenPath/org/apache/commons/commons-exec/1.3/commons-exec-1.3.jar:/home/aman/ModdedMavenPath/org/seleniumhq/selenium/selenium-safari-driver/4.19.1/selenium-safari-driver-4.19.1.jar:/home/aman/ModdedMavenPath/org/seleniumhq/selenium/selenium-support/4.19.1/selenium-support-4.19.1.jar:"/>
    <property name="java.vm.vendor" value="Oracle Corporation"/>
    <property name="sun.arch.data.model" value="64"/>
    <property name="java.vendor.url" value="https://java.oracle.com/"/>
    <property name="user.timezone" value="Asia/Kolkata"/>
    <property name="os.name" value="Linux"/>
    <property name="java.vm.specification.version" value="17"/>
    <property name="sun.java.launcher" value="SUN_STANDARD"/>
    <property name="user.country" value="US"/>
    <property name="sun.boot.library.path" value="/usr/lib/jvm/jdk-17-oracle-x64/lib"/>
    <property name="sun.java.command" value="/home/aman/Downloads/framework/target/surefire/surefirebooter-20240826223431904_3.jar /home/aman/Downloads/framework/target/surefire 2024-08-26T22-34-31_850-jvmRun1 surefire-20240826223431904_1tmp surefire_0-20240826223431904_2tmp"/>
    <property name="jdk.debug" value="release"/>
    <property name="surefire.test.class.path" value="/home/aman/Downloads/framework/target/test-classes:/home/aman/Downloads/framework/target/classes:/home/aman/ModdedMavenPath/org/springframework/boot/spring-boot-starter-web/3.3.3/spring-boot-starter-web-3.3.3.jar:/home/aman/ModdedMavenPath/org/springframework/boot/spring-boot-starter/3.3.3/spring-boot-starter-3.3.3.jar:/home/aman/ModdedMavenPath/org/springframework/boot/spring-boot/3.3.3/spring-boot-3.3.3.jar:/home/aman/ModdedMavenPath/org/springframework/boot/spring-boot-autoconfigure/3.3.3/spring-boot-autoconfigure-3.3.3.jar:/home/aman/ModdedMavenPath/org/springframework/boot/spring-boot-starter-logging/3.3.3/spring-boot-starter-logging-3.3.3.jar:/home/aman/ModdedMavenPath/ch/qos/logback/logback-classic/1.5.7/logback-classic-1.5.7.jar:/home/aman/ModdedMavenPath/ch/qos/logback/logback-core/1.5.7/logback-core-1.5.7.jar:/home/aman/ModdedMavenPath/org/apache/logging/log4j/log4j-to-slf4j/2.23.1/log4j-to-slf4j-2.23.1.jar:/home/aman/ModdedMavenPath/org/apache/logging/log4j/log4j-api/2.23.1/log4j-api-2.23.1.jar:/home/aman/ModdedMavenPath/org/slf4j/jul-to-slf4j/2.0.16/jul-to-slf4j-2.0.16.jar:/home/aman/ModdedMavenPath/jakarta/annotation/jakarta.annotation-api/2.1.1/jakarta.annotation-api-2.1.1.jar:/home/aman/ModdedMavenPath/org/yaml/snakeyaml/2.2/snakeyaml-2.2.jar:/home/aman/ModdedMavenPath/org/springframework/boot/spring-boot-starter-json/3.3.3/spring-boot-starter-json-3.3.3.jar:/home/aman/ModdedMavenPath/com/fasterxml/jackson/core/jackson-databind/2.17.2/jackson-databind-2.17.2.jar:/home/aman/ModdedMavenPath/com/fasterxml/jackson/core/jackson-annotations/2.17.2/jackson-annotations-2.17.2.jar:/home/aman/ModdedMavenPath/com/fasterxml/jackson/core/jackson-core/2.17.2/jackson-core-2.17.2.jar:/home/aman/ModdedMavenPath/com/fasterxml/jackson/datatype/jackson-datatype-jdk8/2.17.2/jackson-datatype-jdk8-2.17.2.jar:/home/aman/ModdedMavenPath/com/fasterxml/jackson/datatype/jackson-datatype-jsr310/2.17.2/jackson-datatype-jsr310-2.17.2.jar:/home/aman/ModdedMavenPath/com/fasterxml/jackson/module/jackson-module-parameter-names/2.17.2/jackson-module-parameter-names-2.17.2.jar:/home/aman/ModdedMavenPath/org/springframework/boot/spring-boot-starter-tomcat/3.3.3/spring-boot-starter-tomcat-3.3.3.jar:/home/aman/ModdedMavenPath/org/apache/tomcat/embed/tomcat-embed-core/10.1.28/tomcat-embed-core-10.1.28.jar:/home/aman/ModdedMavenPath/org/apache/tomcat/embed/tomcat-embed-el/10.1.28/tomcat-embed-el-10.1.28.jar:/home/aman/ModdedMavenPath/org/apache/tomcat/embed/tomcat-embed-websocket/10.1.28/tomcat-embed-websocket-10.1.28.jar:/home/aman/ModdedMavenPath/org/springframework/spring-web/6.1.12/spring-web-6.1.12.jar:/home/aman/ModdedMavenPath/org/springframework/spring-beans/6.1.12/spring-beans-6.1.12.jar:/home/aman/ModdedMavenPath/io/micrometer/micrometer-observation/1.13.3/micrometer-observation-1.13.3.jar:/home/aman/ModdedMavenPath/io/micrometer/micrometer-commons/1.13.3/micrometer-commons-1.13.3.jar:/home/aman/ModdedMavenPath/org/springframework/spring-webmvc/6.1.12/spring-webmvc-6.1.12.jar:/home/aman/ModdedMavenPath/org/springframework/spring-aop/6.1.12/spring-aop-6.1.12.jar:/home/aman/ModdedMavenPath/org/springframework/spring-context/6.1.12/spring-context-6.1.12.jar:/home/aman/ModdedMavenPath/org/springframework/spring-expression/6.1.12/spring-expression-6.1.12.jar:/home/aman/ModdedMavenPath/org/springframework/boot/spring-boot-starter-test/3.3.3/spring-boot-starter-test-3.3.3.jar:/home/aman/ModdedMavenPath/org/springframework/boot/spring-boot-test/3.3.3/spring-boot-test-3.3.3.jar:/home/aman/ModdedMavenPath/org/springframework/boot/spring-boot-test-autoconfigure/3.3.3/spring-boot-test-autoconfigure-3.3.3.jar:/home/aman/ModdedMavenPath/com/jayway/jsonpath/json-path/2.9.0/json-path-2.9.0.jar:/home/aman/ModdedMavenPath/org/slf4j/slf4j-api/2.0.16/slf4j-api-2.0.16.jar:/home/aman/ModdedMavenPath/jakarta/xml/bind/jakarta.xml.bind-api/4.0.2/jakarta.xml.bind-api-4.0.2.jar:/home/aman/ModdedMavenPath/jakarta/activation/jakarta.activation-api/2.1.3/jakarta.activation-api-2.1.3.jar:/home/aman/ModdedMavenPath/net/minidev/json-smart/2.5.1/json-smart-2.5.1.jar:/home/aman/ModdedMavenPath/net/minidev/accessors-smart/2.5.1/accessors-smart-2.5.1.jar:/home/aman/ModdedMavenPath/org/ow2/asm/asm/9.6/asm-9.6.jar:/home/aman/ModdedMavenPath/org/assertj/assertj-core/3.25.3/assertj-core-3.25.3.jar:/home/aman/ModdedMavenPath/net/bytebuddy/byte-buddy/1.14.19/byte-buddy-1.14.19.jar:/home/aman/ModdedMavenPath/org/awaitility/awaitility/4.2.2/awaitility-4.2.2.jar:/home/aman/ModdedMavenPath/org/hamcrest/hamcrest/2.2/hamcrest-2.2.jar:/home/aman/ModdedMavenPath/org/junit/jupiter/junit-jupiter/5.10.3/junit-jupiter-5.10.3.jar:/home/aman/ModdedMavenPath/org/junit/jupiter/junit-jupiter-api/5.10.3/junit-jupiter-api-5.10.3.jar:/home/aman/ModdedMavenPath/org/opentest4j/opentest4j/1.3.0/opentest4j-1.3.0.jar:/home/aman/ModdedMavenPath/org/junit/platform/junit-platform-commons/1.10.3/junit-platform-commons-1.10.3.jar:/home/aman/ModdedMavenPath/org/apiguardian/apiguardian-api/1.1.2/apiguardian-api-1.1.2.jar:/home/aman/ModdedMavenPath/org/junit/jupiter/junit-jupiter-params/5.10.3/junit-jupiter-params-5.10.3.jar:/home/aman/ModdedMavenPath/org/junit/jupiter/junit-jupiter-engine/5.10.3/junit-jupiter-engine-5.10.3.jar:/home/aman/ModdedMavenPath/org/junit/platform/junit-platform-engine/1.10.3/junit-platform-engine-1.10.3.jar:/home/aman/ModdedMavenPath/org/mockito/mockito-core/5.11.0/mockito-core-5.11.0.jar:/home/aman/ModdedMavenPath/net/bytebuddy/byte-buddy-agent/1.14.19/byte-buddy-agent-1.14.19.jar:/home/aman/ModdedMavenPath/org/objenesis/objenesis/3.3/objenesis-3.3.jar:/home/aman/ModdedMavenPath/org/mockito/mockito-junit-jupiter/5.11.0/mockito-junit-jupiter-5.11.0.jar:/home/aman/ModdedMavenPath/org/skyscreamer/jsonassert/1.5.3/jsonassert-1.5.3.jar:/home/aman/ModdedMavenPath/com/vaadin/external/google/android-json/0.0.20131108.vaadin1/android-json-0.0.20131108.vaadin1.jar:/home/aman/ModdedMavenPath/org/springframework/spring-core/6.1.12/spring-core-6.1.12.jar:/home/aman/ModdedMavenPath/org/springframework/spring-jcl/6.1.12/spring-jcl-6.1.12.jar:/home/aman/ModdedMavenPath/org/springframework/spring-test/6.1.12/spring-test-6.1.12.jar:/home/aman/ModdedMavenPath/org/xmlunit/xmlunit-core/2.9.1/xmlunit-core-2.9.1.jar:/home/aman/ModdedMavenPath/org/seleniumhq/selenium/selenium-java/4.13.0/selenium-java-4.13.0.jar:/home/aman/ModdedMavenPath/org/seleniumhq/selenium/selenium-api/4.19.1/selenium-api-4.19.1.jar:/home/aman/ModdedMavenPath/org/seleniumhq/selenium/selenium-chrome-driver/4.19.1/selenium-chrome-driver-4.19.1.jar:/home/aman/ModdedMavenPath/com/google/auto/service/auto-service-annotations/1.1.1/auto-service-annotations-1.1.1.jar:/home/aman/ModdedMavenPath/org/seleniumhq/selenium/selenium-chromium-driver/4.19.1/selenium-chromium-driver-4.19.1.jar:/home/aman/ModdedMavenPath/org/seleniumhq/selenium/selenium-json/4.19.1/selenium-json-4.19.1.jar:/home/aman/ModdedMavenPath/org/seleniumhq/selenium/selenium-manager/4.19.1/selenium-manager-4.19.1.jar:/home/aman/ModdedMavenPath/org/seleniumhq/selenium/selenium-devtools-v115/4.13.0/selenium-devtools-v115-4.13.0.jar:/home/aman/ModdedMavenPath/com/google/guava/guava/32.1.2-jre/guava-32.1.2-jre.jar:/home/aman/ModdedMavenPath/com/google/guava/failureaccess/1.0.1/failureaccess-1.0.1.jar:/home/aman/ModdedMavenPath/com/google/guava/listenablefuture/9999.0-empty-to-avoid-conflict-with-guava/listenablefuture-9999.0-empty-to-avoid-conflict-with-guava.jar:/home/aman/ModdedMavenPath/com/google/code/findbugs/jsr305/3.0.2/jsr305-3.0.2.jar:/home/aman/ModdedMavenPath/org/checkerframework/checker-qual/3.33.0/checker-qual-3.33.0.jar:/home/aman/ModdedMavenPath/com/google/errorprone/error_prone_annotations/2.18.0/error_prone_annotations-2.18.0.jar:/home/aman/ModdedMavenPath/com/google/j2objc/j2objc-annotations/2.8/j2objc-annotations-2.8.jar:/home/aman/ModdedMavenPath/org/seleniumhq/selenium/selenium-devtools-v116/4.13.0/selenium-devtools-v116-4.13.0.jar:/home/aman/ModdedMavenPath/org/seleniumhq/selenium/selenium-devtools-v117/4.13.0/selenium-devtools-v117-4.13.0.jar:/home/aman/ModdedMavenPath/org/seleniumhq/selenium/selenium-devtools-v85/4.19.1/selenium-devtools-v85-4.19.1.jar:/home/aman/ModdedMavenPath/org/seleniumhq/selenium/selenium-edge-driver/4.19.1/selenium-edge-driver-4.19.1.jar:/home/aman/ModdedMavenPath/org/seleniumhq/selenium/selenium-firefox-driver/4.19.1/selenium-firefox-driver-4.19.1.jar:/home/aman/ModdedMavenPath/org/seleniumhq/selenium/selenium-http/4.19.1/selenium-http-4.19.1.jar:/home/aman/ModdedMavenPath/dev/failsafe/failsafe/3.3.2/failsafe-3.3.2.jar:/home/aman/ModdedMavenPath/org/seleniumhq/selenium/selenium-ie-driver/4.19.1/selenium-ie-driver-4.19.1.jar:/home/aman/ModdedMavenPath/org/seleniumhq/selenium/selenium-remote-driver/4.19.1/selenium-remote-driver-4.19.1.jar:/home/aman/ModdedMavenPath/io/opentelemetry/semconv/opentelemetry-semconv/1.23.1-alpha/opentelemetry-semconv-1.23.1-alpha.jar:/home/aman/ModdedMavenPath/io/opentelemetry/opentelemetry-api/1.37.0/opentelemetry-api-1.37.0.jar:/home/aman/ModdedMavenPath/io/opentelemetry/opentelemetry-context/1.37.0/opentelemetry-context-1.37.0.jar:/home/aman/ModdedMavenPath/io/opentelemetry/opentelemetry-exporter-logging/1.37.0/opentelemetry-exporter-logging-1.37.0.jar:/home/aman/ModdedMavenPath/io/opentelemetry/opentelemetry-sdk-common/1.37.0/opentelemetry-sdk-common-1.37.0.jar:/home/aman/ModdedMavenPath/io/opentelemetry/opentelemetry-sdk-extension-autoconfigure-spi/1.37.0/opentelemetry-sdk-extension-autoconfigure-spi-1.37.0.jar:/home/aman/ModdedMavenPath/io/opentelemetry/opentelemetry-sdk-extension-autoconfigure/1.37.0/opentelemetry-sdk-extension-autoconfigure-1.37.0.jar:/home/aman/ModdedMavenPath/io/opentelemetry/opentelemetry-api-incubator/1.37.0-alpha/opentelemetry-api-incubator-1.37.0-alpha.jar:/home/aman/ModdedMavenPath/io/opentelemetry/opentelemetry-sdk-trace/1.37.0/opentelemetry-sdk-trace-1.37.0.jar:/home/aman/ModdedMavenPath/io/opentelemetry/opentelemetry-sdk/1.37.0/opentelemetry-sdk-1.37.0.jar:/home/aman/ModdedMavenPath/io/opentelemetry/opentelemetry-sdk-metrics/1.37.0/opentelemetry-sdk-metrics-1.37.0.jar:/home/aman/ModdedMavenPath/io/opentelemetry/opentelemetry-sdk-logs/1.37.0/opentelemetry-sdk-logs-1.37.0.jar:/home/aman/ModdedMavenPath/org/seleniumhq/selenium/selenium-os/4.19.1/selenium-os-4.19.1.jar:/home/aman/ModdedMavenPath/org/apache/commons/commons-exec/1.3/commons-exec-1.3.jar:/home/aman/ModdedMavenPath/org/seleniumhq/selenium/selenium-safari-driver/4.19.1/selenium-safari-driver-4.19.1.jar:/home/aman/ModdedMavenPath/org/seleniumhq/selenium/selenium-support/4.19.1/selenium-support-4.19.1.jar:"/>
    <property name="sun.cpu.endian" value="little"/>
    <property name="user.home" value="/home/aman"/>
    <property name="user.language" value="en"/>
    <property name="java.specification.vendor" value="Oracle Corporation"/>
    <property name="java.version.date" value="2024-04-16"/>
    <property name="java.home" value="/usr/lib/jvm/jdk-17-oracle-x64"/>
    <property name="file.separator" value="/"/>
    <property name="basedir" value="/home/aman/Downloads/framework"/>
    <property name="java.vm.compressedOopsMode" value="Zero based"/>
    <property name="line.separator" value="&#10;"/>
    <property name="java.specification.name" value="Java Platform API Specification"/>
    <property name="java.vm.specification.vendor" value="Oracle Corporation"/>
    <property name="FILE_LOG_CHARSET" value="UTF-8"/>
    <property name="java.awt.headless" value="true"/>
    <property name="surefire.real.class.path" value="/home/aman/Downloads/framework/target/surefire/surefirebooter-20240826223431904_3.jar"/>
    <property name="sun.management.compiler" value="HotSpot 64-Bit Tiered Compilers"/>
    <property name="java.runtime.version" value="17.0.11+7-LTS-207"/>
    <property name="user.name" value="aman"/>
    <property name="path.separator" value=":"/>
    <property name="os.version" value="6.8.0-40-generic"/>
    <property name="java.runtime.name" value="Java(TM) SE Runtime Environment"/>
    <property name="file.encoding" value="UTF-8"/>
    <property name="java.vm.name" value="Java HotSpot(TM) 64-Bit Server VM"/>
    <property name="localRepository" value="/home/aman/ModdedMavenPath"/>
    <property name="java.vendor.url.bug" value="https://bugreport.java.com/bugreport/"/>
    <property name="java.io.tmpdir" value="/tmp"/>
    <property name="idea.version" value="2024.2.0.2"/>
    <property name="java.version" value="17.0.11"/>
    <property name="user.dir" value="/home/aman/Downloads/framework"/>
    <property name="os.arch" value="amd64"/>
    <property name="java.vm.specification.name" value="Java Virtual Machine Specification"/>
    <property name="PID" value="23086"/>
    <property name="CONSOLE_LOG_CHARSET" value="UTF-8"/>
    <property name="native.encoding" value="UTF-8"/>
    <property name="java.library.path" value="/usr/java/packages/lib:/usr/lib64:/lib64:/lib:/usr/lib"/>
    <property name="java.vm.info" value="mixed mode, sharing"/>
    <property name="java.vendor" value="Oracle Corporation"/>
    <property name="java.vm.version" value="17.0.11+7-LTS-207"/>
    <property name="sun.io.unicode.encoding" value="UnicodeLittle"/>
    <property name="java.class.version" value="61.0"/>
    <property name="LOGGED_APPLICATION_NAME" value="[framework] "/>
  </properties>
  <testcase name="test1" classname="com.automation.framework.FrameworkApplicationTests" time="1.733">
    <system-out><![CDATA[22:34:32.326 [main] INFO org.springframework.test.context.support.AnnotationConfigContextLoaderUtils -- Could not detect default configuration classes for test class [com.automation.framework.FrameworkApplicationTests]: FrameworkApplicationTests does not declare any static, non-private, non-final, nested classes annotated with @Configuration.
22:34:32.380 [main] INFO org.springframework.boot.test.context.SpringBootTestContextBootstrapper -- Found @SpringBootConfiguration com.automation.framework.FrameworkApplication for test class com.automation.framework.FrameworkApplicationTests

  .   ____          _            __ _ _
 /\\ / ___'_ __ _ _(_)_ __  __ _ \ \ \ \
( ( )\___ | '_ | '_| | '_ \/ _` | \ \ \ \
 \\/  ___)| |_)| | | | | || (_| |  ) ) ) )
  '  |____| .__|_| |_|_| |_\__, | / / / /
 =========|_|==============|___/=/_/_/_/

 :: Spring Boot ::                (v3.3.3)

2024-08-26T22:34:32.609+05:30  INFO 23086 --- [framework] [           main] c.a.framework.FrameworkApplicationTests  : Starting FrameworkApplicationTests using Java 17.0.11 with PID 23086 (started by aman in /home/aman/Downloads/framework)
2024-08-26T22:34:32.610+05:30  INFO 23086 --- [framework] [           main] c.a.framework.FrameworkApplicationTests  : No active profile set, falling back to 1 default profile: "default"
2024-08-26T22:34:33.245+05:30  INFO 23086 --- [framework] [           main] c.a.framework.FrameworkApplicationTests  : Started FrameworkApplicationTests in 0.789 seconds (process running for 1.309)
2024-08-26T22:34:34.928+05:30  WARN 23086 --- [framework] [           main] o.o.selenium.devtools.CdpVersionFinder   : Unable to find CDP implementation matching 127
2024-08-26T22:34:34.928+05:30  WARN 23086 --- [framework] [           main] o.o.selenium.chromium.ChromiumDriver     : Unable to find version of CDP to use for 127.0.6533.72. You may need to include a dependency on a specific version of the CDP using something similar to `org.seleniumhq.selenium:selenium-devtools-v86:4.19.1` where the version ("v86") matches the version of the chromium-based browser you're using and the version number of the artifact is the same as Selenium's.
]]></system-out>
  </testcase>
</testsuite>